method = sample (Default)
method = sample (Default)
  sample
method = sample (Default)
method = sample (Default)
  sample
  sample
    num_samples = 1000 (Default)
    num_samples = 1000 (Default)
  sample
    num_samples = 1000 (Default)
    num_warmup = 1000 (Default)
    num_warmup = 1000 (Default)
    save_warmup = 0 (Default)
    save_warmup = 0 (Default)
    thin = 1 (Default)
    thin = 1 (Default)
    adapt
    adapt
      engaged = 1 (Default)
      engaged = 1 (Default)
    num_warmup = 1000 (Default)
      gamma = 0.050000000000000003 (Default)
    num_samples = 1000 (Default)
      gamma = 0.050000000000000003 (Default)
    save_warmup = 0 (Default)
    num_warmup = 1000 (Default)
      delta = 0.80000000000000004 (Default)
      delta = 0.80000000000000004 (Default)
    save_warmup = 0 (Default)
    thin = 1 (Default)
      kappa = 0.75 (Default)
    adapt
      kappa = 0.75 (Default)
    thin = 1 (Default)
      t0 = 10 (Default)
      t0 = 10 (Default)
      engaged = 1 (Default)
    adapt
      init_buffer = 75 (Default)
      engaged = 1 (Default)
      gamma = 0.050000000000000003 (Default)
      term_buffer = 50 (Default)
      gamma = 0.050000000000000003 (Default)
      init_buffer = 75 (Default)
      delta = 0.80000000000000004 (Default)
      term_buffer = 50 (Default)
      delta = 0.80000000000000004 (Default)
      window = 25 (Default)
      kappa = 0.75 (Default)
      kappa = 0.75 (Default)
      window = 25 (Default)
    algorithm = hmc (Default)
      t0 = 10 (Default)
      hmc
    algorithm = hmc (Default)
      init_buffer = 75 (Default)
        engine = nuts (Default)
      term_buffer = 50 (Default)
      t0 = 10 (Default)
          nuts
      hmc
            max_depth = 10 (Default)
      window = 25 (Default)
        metric = diag_e (Default)
        engine = nuts (Default)
        metric_file =  (Default)
          nuts
    algorithm = hmc (Default)
        stepsize = 1 (Default)
      hmc
      init_buffer = 75 (Default)
        engine = nuts (Default)
            max_depth = 10 (Default)
        stepsize_jitter = 1
          nuts
      term_buffer = 50 (Default)
        metric = diag_e (Default)
      window = 25 (Default)
id = 1
    algorithm = hmc (Default)
            max_depth = 10 (Default)
data
        metric = diag_e (Default)
  file = /Users/rob/.julia/dev/ParetoSmoothedImportanceSampling/src/../examples/roaches/tmp/roaches1_data_1.R
        metric_file =  (Default)
init = 2 (Default)
        stepsize = 1 (Default)
      hmc
random
        stepsize_jitter = 1
  seed = 1551957822 (Default)
        engine = nuts (Default)
        metric_file =  (Default)
          nuts
output
            max_depth = 10 (Default)
  file = /Users/rob/.julia/dev/ParetoSmoothedImportanceSampling/src/../examples/roaches/tmp/roaches1_chain_1.csv
        metric = diag_e (Default)
  diagnostic_file =  (Default)
        metric_file =  (Default)
        stepsize = 1 (Default)
  refresh = 100 (Default)
id = 3
        stepsize_jitter = 1
  sig_figs = -1 (Default)
data
        stepsize = 1 (Default)
  file = /Users/rob/.julia/dev/ParetoSmoothedImportanceSampling/src/../examples/roaches/tmp/roaches1_data_3.R
id = 2
init = 2 (Default)
        stepsize_jitter = 1
data
id = 4
  profile_file = profile.csv (Default)
  file = /Users/rob/.julia/dev/ParetoSmoothedImportanceSampling/src/../examples/roaches/tmp/roaches1_data_2.R
data
init = 2 (Default)
random
random
  file = /Users/rob/.julia/dev/ParetoSmoothedImportanceSampling/src/../examples/roaches/tmp/roaches1_data_4.R
num_threads = 4
init = 2 (Default)
  seed = 1551957822 (Default)
  seed = 1551957822 (Default)

output
random
  file = /Users/rob/.julia/dev/ParetoSmoothedImportanceSampling/src/../examples/roaches/tmp/roaches1_chain_2.csv
output
  seed = 1551957822 (Default)
  diagnostic_file =  (Default)
  file = /Users/rob/.julia/dev/ParetoSmoothedImportanceSampling/src/../examples/roaches/tmp/roaches1_chain_3.csv
output
  diagnostic_file =  (Default)
  refresh = 100 (Default)
  file = /Users/rob/.julia/dev/ParetoSmoothedImportanceSampling/src/../examples/roaches/tmp/roaches1_chain_4.csv
  refresh = 100 (Default)
  sig_figs = -1 (Default)
  diagnostic_file =  (Default)
  sig_figs = -1 (Default)
  profile_file = profile.csv (Default)
  profile_file = profile.csv (Default)
  refresh = 100 (Default)
num_threads = 4
num_threads = 4
  sig_figs = -1 (Default)


  profile_file = profile.csv (Default)
num_threads = 4





Gradient evaluation took 0.000417 seconds
Gradient evaluation took 0.000417 seconds
Gradient evaluation took 0.000419 seconds
Gradient evaluation took 0.00042 seconds
1000 transitions using 10 leapfrog steps per transition would take 4.19 seconds.
1000 transitions using 10 leapfrog steps per transition would take 4.17 seconds.
1000 transitions using 10 leapfrog steps per transition would take 4.2 seconds.
Adjust your expectations accordingly!
Adjust your expectations accordingly!




1000 transitions using 10 leapfrog steps per transition would take 4.17 seconds.
Adjust your expectations accordingly!
Adjust your expectations accordingly!




Iteration:    1 / 2000 [  0%]  (Warmup)
Iteration:    1 / 2000 [  0%]  (Warmup)
Iteration:    1 / 2000 [  0%]  (Warmup)
Iteration:    1 / 2000 [  0%]  (Warmup)
Iteration:  100 / 2000 [  5%]  (Warmup)
Iteration:  100 / 2000 [  5%]  (Warmup)
Iteration:  100 / 2000 [  5%]  (Warmup)
Iteration:  100 / 2000 [  5%]  (Warmup)
Iteration:  200 / 2000 [ 10%]  (Warmup)
Iteration:  200 / 2000 [ 10%]  (Warmup)
Iteration:  200 / 2000 [ 10%]  (Warmup)
Iteration:  200 / 2000 [ 10%]  (Warmup)
Iteration:  300 / 2000 [ 15%]  (Warmup)
Iteration:  300 / 2000 [ 15%]  (Warmup)
Iteration:  300 / 2000 [ 15%]  (Warmup)
Iteration:  300 / 2000 [ 15%]  (Warmup)
Iteration:  400 / 2000 [ 20%]  (Warmup)
Iteration:  400 / 2000 [ 20%]  (Warmup)
Iteration:  400 / 2000 [ 20%]  (Warmup)
Iteration:  400 / 2000 [ 20%]  (Warmup)
Iteration:  500 / 2000 [ 25%]  (Warmup)
Iteration:  500 / 2000 [ 25%]  (Warmup)
Iteration:  500 / 2000 [ 25%]  (Warmup)
Iteration:  500 / 2000 [ 25%]  (Warmup)
Iteration:  600 / 2000 [ 30%]  (Warmup)
Iteration:  600 / 2000 [ 30%]  (Warmup)
Iteration:  600 / 2000 [ 30%]  (Warmup)
Iteration:  600 / 2000 [ 30%]  (Warmup)
Iteration:  700 / 2000 [ 35%]  (Warmup)
Iteration:  700 / 2000 [ 35%]  (Warmup)
Iteration:  700 / 2000 [ 35%]  (Warmup)
Iteration:  700 / 2000 [ 35%]  (Warmup)
Iteration:  800 / 2000 [ 40%]  (Warmup)
Iteration:  800 / 2000 [ 40%]  (Warmup)
Iteration:  800 / 2000 [ 40%]  (Warmup)
Iteration:  800 / 2000 [ 40%]  (Warmup)
Iteration:  900 / 2000 [ 45%]  (Warmup)
Iteration:  900 / 2000 [ 45%]  (Warmup)
Iteration:  900 / 2000 [ 45%]  (Warmup)
Iteration:  900 / 2000 [ 45%]  (Warmup)
Iteration: 1000 / 2000 [ 50%]  (Warmup)
Iteration: 1001 / 2000 [ 50%]  (Sampling)
Iteration: 1000 / 2000 [ 50%]  (Warmup)
Iteration: 1001 / 2000 [ 50%]  (Sampling)
Iteration: 1000 / 2000 [ 50%]  (Warmup)
Iteration: 1001 / 2000 [ 50%]  (Sampling)
Iteration: 1000 / 2000 [ 50%]  (Warmup)
Iteration: 1001 / 2000 [ 50%]  (Sampling)
Iteration: 1100 / 2000 [ 55%]  (Sampling)
Iteration: 1100 / 2000 [ 55%]  (Sampling)
Iteration: 1100 / 2000 [ 55%]  (Sampling)
Iteration: 1100 / 2000 [ 55%]  (Sampling)
Iteration: 1200 / 2000 [ 60%]  (Sampling)
Iteration: 1200 / 2000 [ 60%]  (Sampling)
Iteration: 1200 / 2000 [ 60%]  (Sampling)
Iteration: 1200 / 2000 [ 60%]  (Sampling)
Iteration: 1300 / 2000 [ 65%]  (Sampling)
Iteration: 1300 / 2000 [ 65%]  (Sampling)
Iteration: 1300 / 2000 [ 65%]  (Sampling)
Iteration: 1300 / 2000 [ 65%]  (Sampling)
Iteration: 1400 / 2000 [ 70%]  (Sampling)
Iteration: 1400 / 2000 [ 70%]  (Sampling)
Iteration: 1400 / 2000 [ 70%]  (Sampling)
Iteration: 1400 / 2000 [ 70%]  (Sampling)
Iteration: 1500 / 2000 [ 75%]  (Sampling)
Iteration: 1500 / 2000 [ 75%]  (Sampling)
Iteration: 1500 / 2000 [ 75%]  (Sampling)
Iteration: 1500 / 2000 [ 75%]  (Sampling)
Iteration: 1600 / 2000 [ 80%]  (Sampling)
Iteration: 1600 / 2000 [ 80%]  (Sampling)
Iteration: 1600 / 2000 [ 80%]  (Sampling)
Iteration: 1600 / 2000 [ 80%]  (Sampling)
Iteration: 1700 / 2000 [ 85%]  (Sampling)
Iteration: 1700 / 2000 [ 85%]  (Sampling)
Iteration: 1700 / 2000 [ 85%]  (Sampling)
Iteration: 1700 / 2000 [ 85%]  (Sampling)
Iteration: 1800 / 2000 [ 90%]  (Sampling)
Iteration: 1800 / 2000 [ 90%]  (Sampling)
Iteration: 1800 / 2000 [ 90%]  (Sampling)
Iteration: 1800 / 2000 [ 90%]  (Sampling)
Iteration: 1900 / 2000 [ 95%]  (Sampling)
Iteration: 1900 / 2000 [ 95%]  (Sampling)
Iteration: 1900 / 2000 [ 95%]  (Sampling)
Iteration: 1900 / 2000 [ 95%]  (Sampling)
Iteration: 2000 / 2000 [100%]  (Sampling)

 Elapsed Time: 0.219 seconds (Warm-up)
               0.407 seconds (Sampling)
               0.626 seconds (Total)

Iteration: 2000 / 2000 [100%]  (Sampling)

 Elapsed Time: 0.209 seconds (Warm-up)
               0.428 seconds (Sampling)
               0.637 seconds (Total)

Iteration: 2000 / 2000 [100%]  (Sampling)

 Elapsed Time: 0.222 seconds (Warm-up)
               0.421 seconds (Sampling)
               0.643 seconds (Total)

Iteration: 2000 / 2000 [100%]  (Sampling)

 Elapsed Time: 0.218 seconds (Warm-up)
               0.428 seconds (Sampling)
               0.646 seconds (Total)

