method = sample (Default)
method = sample (Default)
method = sample (Default)
method = sample (Default)
  sample
  sample
  sample
  sample
    num_samples = 1000 (Default)
    num_samples = 1000 (Default)
    num_warmup = 1000 (Default)
    num_samples = 1000 (Default)
    num_warmup = 1000 (Default)
    num_samples = 1000 (Default)
    save_warmup = 0 (Default)
    save_warmup = 0 (Default)
    num_warmup = 1000 (Default)
    thin = 1 (Default)
    num_warmup = 1000 (Default)
    thin = 1 (Default)
    save_warmup = 0 (Default)
    save_warmup = 0 (Default)
    thin = 1 (Default)
    adapt
    adapt
    thin = 1 (Default)
    adapt
    adapt
      engaged = 1 (Default)
      engaged = 1 (Default)
      engaged = 1 (Default)
      engaged = 1 (Default)
      gamma = 0.050000000000000003 (Default)
      gamma = 0.050000000000000003 (Default)
      delta = 0.80000000000000004 (Default)
      gamma = 0.050000000000000003 (Default)
      kappa = 0.75 (Default)
      gamma = 0.050000000000000003 (Default)
      delta = 0.80000000000000004 (Default)
      delta = 0.80000000000000004 (Default)
      kappa = 0.75 (Default)
      t0 = 10 (Default)
      delta = 0.80000000000000004 (Default)
      t0 = 10 (Default)
      kappa = 0.75 (Default)
      init_buffer = 75 (Default)
      kappa = 0.75 (Default)
      init_buffer = 75 (Default)
      t0 = 10 (Default)
      term_buffer = 50 (Default)
      init_buffer = 75 (Default)
      t0 = 10 (Default)
      term_buffer = 50 (Default)
      window = 25 (Default)
      init_buffer = 75 (Default)
      term_buffer = 50 (Default)
      window = 25 (Default)
    algorithm = hmc (Default)
      window = 25 (Default)
      hmc
    algorithm = hmc (Default)
    algorithm = hmc (Default)
      hmc
      hmc
        engine = nuts (Default)
        engine = nuts (Default)
          nuts
          nuts
            max_depth = 10 (Default)
            max_depth = 10 (Default)
        metric = diag_e (Default)
        metric = diag_e (Default)
        metric_file =  (Default)
        metric_file =  (Default)
        stepsize = 1 (Default)
        stepsize = 1 (Default)
        stepsize_jitter = 1
      term_buffer = 50 (Default)
        engine = nuts (Default)
      window = 25 (Default)
id = 4
    algorithm = hmc (Default)
        stepsize_jitter = 1
          nuts
data
            max_depth = 10 (Default)
id = 1
        metric = diag_e (Default)
data
        metric_file =  (Default)
      hmc
        stepsize = 1 (Default)
  file = /Users/rob/.julia/dev/ParetoSmoothedImportanceSampling/src/../examples/roaches/tmp/roaches2_data_4.R
        stepsize_jitter = 1
  file = /Users/rob/.julia/dev/ParetoSmoothedImportanceSampling/src/../examples/roaches/tmp/roaches2_data_1.R
id = 2
        engine = nuts (Default)
init = 2 (Default)
init = 2 (Default)
data
random
random
  seed = 1551988548 (Default)
          nuts
  file = /Users/rob/.julia/dev/ParetoSmoothedImportanceSampling/src/../examples/roaches/tmp/roaches2_data_2.R
            max_depth = 10 (Default)
  seed = 1551988548 (Default)
        metric = diag_e (Default)
output
        metric_file =  (Default)
output
        stepsize = 1 (Default)
init = 2 (Default)
        stepsize_jitter = 1
  file = /Users/rob/.julia/dev/ParetoSmoothedImportanceSampling/src/../examples/roaches/tmp/roaches2_chain_4.csv
id = 3
random
data
  file = /Users/rob/.julia/dev/ParetoSmoothedImportanceSampling/src/../examples/roaches/tmp/roaches2_chain_1.csv
  diagnostic_file =  (Default)
  seed = 1551988548 (Default)
  diagnostic_file =  (Default)
output
  refresh = 100 (Default)
  file = /Users/rob/.julia/dev/ParetoSmoothedImportanceSampling/src/../examples/roaches/tmp/roaches2_chain_2.csv
  sig_figs = -1 (Default)
  diagnostic_file =  (Default)
  profile_file = profile.csv (Default)
  refresh = 100 (Default)
  file = /Users/rob/.julia/dev/ParetoSmoothedImportanceSampling/src/../examples/roaches/tmp/roaches2_data_3.R
  refresh = 100 (Default)
init = 2 (Default)
num_threads = 4
  sig_figs = -1 (Default)
random

  sig_figs = -1 (Default)
  seed = 1551988548 (Default)
  profile_file = profile.csv (Default)
  profile_file = profile.csv (Default)
output
num_threads = 4
  file = /Users/rob/.julia/dev/ParetoSmoothedImportanceSampling/src/../examples/roaches/tmp/roaches2_chain_3.csv
num_threads = 4
  diagnostic_file =  (Default)

  refresh = 100 (Default)

  sig_figs = -1 (Default)
  profile_file = profile.csv (Default)
num_threads = 4

Rejecting initial value:
  Error evaluating the log probability at the initial value.
Exception: neg_binomial_2_log_lpmf: Precision parameter is -0.788673, but must be positive finite! (in '/Users/rob/.julia/dev/ParetoSmoothedImportanceSampling/examples/roaches/tmp/roaches2.stan', line 28, column 2 to column 35)



Rejecting initial value:
Gradient evaluation took 0.00013 seconds
Gradient evaluation took 0.000134 seconds
  Error evaluating the log probability at the initial value.
1000 transitions using 10 leapfrog steps per transition would take 1.3 seconds.
Exception: neg_binomial_2_log_lpmf: Precision parameter is -0.754245, but must be positive finite! (in '/Users/rob/.julia/dev/ParetoSmoothedImportanceSampling/examples/roaches/tmp/roaches2.stan', line 28, column 2 to column 35)
Adjust your expectations accordingly!
Gradient evaluation took 0.000128 seconds
1000 transitions using 10 leapfrog steps per transition would take 1.34 seconds.

Adjust your expectations accordingly!


1000 transitions using 10 leapfrog steps per transition would take 1.28 seconds.

Adjust your expectations accordingly!



Gradient evaluation took 0.000145 seconds
1000 transitions using 10 leapfrog steps per transition would take 1.45 seconds.
Adjust your expectations accordingly!


Iteration:    1 / 2000 [  0%]  (Warmup)
Iteration:    1 / 2000 [  0%]  (Warmup)
Iteration:    1 / 2000 [  0%]  (Warmup)
Iteration:    1 / 2000 [  0%]  (Warmup)
Iteration:  100 / 2000 [  5%]  (Warmup)
Iteration:  100 / 2000 [  5%]  (Warmup)
Iteration:  100 / 2000 [  5%]  (Warmup)
Iteration:  100 / 2000 [  5%]  (Warmup)
Iteration:  200 / 2000 [ 10%]  (Warmup)
Iteration:  200 / 2000 [ 10%]  (Warmup)
Iteration:  200 / 2000 [ 10%]  (Warmup)
Iteration:  300 / 2000 [ 15%]  (Warmup)
Iteration:  300 / 2000 [ 15%]  (Warmup)
Iteration:  300 / 2000 [ 15%]  (Warmup)
Iteration:  400 / 2000 [ 20%]  (Warmup)
Iteration:  400 / 2000 [ 20%]  (Warmup)
Iteration:  400 / 2000 [ 20%]  (Warmup)
Iteration:  500 / 2000 [ 25%]  (Warmup)
Iteration:  500 / 2000 [ 25%]  (Warmup)
Iteration:  500 / 2000 [ 25%]  (Warmup)
Iteration:  600 / 2000 [ 30%]  (Warmup)
Iteration:  600 / 2000 [ 30%]  (Warmup)
Iteration:  600 / 2000 [ 30%]  (Warmup)
Iteration:  700 / 2000 [ 35%]  (Warmup)
Iteration:  700 / 2000 [ 35%]  (Warmup)
Iteration:  700 / 2000 [ 35%]  (Warmup)
Iteration:  800 / 2000 [ 40%]  (Warmup)
Iteration:  800 / 2000 [ 40%]  (Warmup)
Iteration:  800 / 2000 [ 40%]  (Warmup)
Iteration:  900 / 2000 [ 45%]  (Warmup)
Iteration:  900 / 2000 [ 45%]  (Warmup)
Iteration:  900 / 2000 [ 45%]  (Warmup)
Iteration: 1000 / 2000 [ 50%]  (Warmup)
Iteration: 1001 / 2000 [ 50%]  (Sampling)
Iteration: 1000 / 2000 [ 50%]  (Warmup)
Iteration: 1001 / 2000 [ 50%]  (Sampling)
Iteration: 1000 / 2000 [ 50%]  (Warmup)
Iteration: 1001 / 2000 [ 50%]  (Sampling)
Iteration: 1100 / 2000 [ 55%]  (Sampling)
Iteration: 1100 / 2000 [ 55%]  (Sampling)
Iteration: 1100 / 2000 [ 55%]  (Sampling)
Iteration: 1200 / 2000 [ 60%]  (Sampling)
Iteration: 1200 / 2000 [ 60%]  (Sampling)
Iteration: 1200 / 2000 [ 60%]  (Sampling)
Iteration: 1300 / 2000 [ 65%]  (Sampling)
Iteration: 1300 / 2000 [ 65%]  (Sampling)
Iteration: 1300 / 2000 [ 65%]  (Sampling)
Iteration: 1400 / 2000 [ 70%]  (Sampling)
Iteration: 1400 / 2000 [ 70%]  (Sampling)
Iteration: 1400 / 2000 [ 70%]  (Sampling)
Iteration: 1500 / 2000 [ 75%]  (Sampling)
Iteration: 1500 / 2000 [ 75%]  (Sampling)
Iteration: 1500 / 2000 [ 75%]  (Sampling)
Iteration:  200 / 2000 [ 10%]  (Warmup)
Iteration: 1600 / 2000 [ 80%]  (Sampling)
Iteration: 1600 / 2000 [ 80%]  (Sampling)
Iteration: 1600 / 2000 [ 80%]  (Sampling)
Iteration: 1700 / 2000 [ 85%]  (Sampling)
Iteration: 1700 / 2000 [ 85%]  (Sampling)
Iteration: 1700 / 2000 [ 85%]  (Sampling)
Iteration: 1800 / 2000 [ 90%]  (Sampling)
Iteration: 1800 / 2000 [ 90%]  (Sampling)
Iteration: 1900 / 2000 [ 95%]  (Sampling)
Iteration: 1800 / 2000 [ 90%]  (Sampling)
Iteration: 1900 / 2000 [ 95%]  (Sampling)
Iteration: 2000 / 2000 [100%]  (Sampling)

 Elapsed Time: 0.688 seconds (Warm-up)
               0.842 seconds (Sampling)
               1.53 seconds (Total)

Iteration: 1900 / 2000 [ 95%]  (Sampling)
Iteration: 2000 / 2000 [100%]  (Sampling)

 Elapsed Time: 0.721 seconds (Warm-up)
               0.819 seconds (Sampling)
               1.54 seconds (Total)

Iteration: 2000 / 2000 [100%]  (Sampling)

 Elapsed Time: 0.716 seconds (Warm-up)
               0.909 seconds (Sampling)
               1.625 seconds (Total)

Iteration:  300 / 2000 [ 15%]  (Warmup)
Iteration:  400 / 2000 [ 20%]  (Warmup)
Iteration:  500 / 2000 [ 25%]  (Warmup)
Iteration:  600 / 2000 [ 30%]  (Warmup)
Iteration:  700 / 2000 [ 35%]  (Warmup)
Iteration:  800 / 2000 [ 40%]  (Warmup)
Iteration:  900 / 2000 [ 45%]  (Warmup)
Iteration: 1000 / 2000 [ 50%]  (Warmup)
Iteration: 1001 / 2000 [ 50%]  (Sampling)
Iteration: 1100 / 2000 [ 55%]  (Sampling)
Iteration: 1200 / 2000 [ 60%]  (Sampling)
Iteration: 1300 / 2000 [ 65%]  (Sampling)
Iteration: 1400 / 2000 [ 70%]  (Sampling)
Iteration: 1500 / 2000 [ 75%]  (Sampling)
Iteration: 1600 / 2000 [ 80%]  (Sampling)
Iteration: 1700 / 2000 [ 85%]  (Sampling)
Iteration: 1800 / 2000 [ 90%]  (Sampling)
Iteration: 1900 / 2000 [ 95%]  (Sampling)
Iteration: 2000 / 2000 [100%]  (Sampling)

 Elapsed Time: 2.412 seconds (Warm-up)
               0.861 seconds (Sampling)
               3.273 seconds (Total)

